Arguments: 
  /usr/local/bin/node /Users/abdullateef/.yarn/bin/yarn.js add valid-rl

PATH: 
  /Users/abdullateef/.yarn/bin:/Users/abdullateef/.config/yarn/global/node_modules/.bin:/Library/Frameworks/Python.framework/Versions/3.10/bin:/usr/local/bin:/usr/bin:/bin:/usr/sbin:/sbin:/Users/abdullateef/.yarn/bin:/Users/abdullateef/.config/yarn/global/node_modules/.bin:/Library/Frameworks/Python.framework/Versions/3.10/bin

Yarn version: 
  1.22.15

Node version: 
  14.18.0

Platform: 
  darwin x64

Trace: 
  Error: https://registry.yarnpkg.com/valid-rl: Not found
      at Request.params.callback [as _callback] (/Users/abdullateef/.yarn/lib/cli.js:67031:18)
      at Request.self.callback (/Users/abdullateef/.yarn/lib/cli.js:140885:22)
      at Request.emit (events.js:400:28)
      at Request.<anonymous> (/Users/abdullateef/.yarn/lib/cli.js:141857:10)
      at Request.emit (events.js:400:28)
      at IncomingMessage.<anonymous> (/Users/abdullateef/.yarn/lib/cli.js:141779:12)
      at Object.onceWrapper (events.js:519:28)
      at IncomingMessage.emit (events.js:412:35)
      at endReadableNT (internal/streams/readable.js:1334:12)
      at processTicksAndRejections (internal/process/task_queues.js:82:21)

npm manifest: 
  {
    "name": "shorturl_api",
    "version": "1.0.0",
    "main": "index.js",
    "license": "MIT",
    "dependencies": {
      "shortid": "^2.2.16"
    }
  }

yarn manifest: 
  No manifest

Lockfile: 
  # THIS IS AN AUTOGENERATED FILE. DO NOT EDIT THIS FILE DIRECTLY.
  # yarn lockfile v1
  
  
  nanoid@^2.1.0:
    version "2.1.11"
    resolved "https://registry.yarnpkg.com/nanoid/-/nanoid-2.1.11.tgz#ec24b8a758d591561531b4176a01e3ab4f0f0280"
    integrity sha512-s/snB+WGm6uwi0WjsZdaVcuf3KJXlfGl2LcxgwkEwJF0D/BWzVWAZW/XY4bFaiR7s0Jk3FPvlnepg1H1b1UwlA==
  
  shortid@^2.2.16:
    version "2.2.16"
    resolved "https://registry.yarnpkg.com/shortid/-/shortid-2.2.16.tgz#b742b8f0cb96406fd391c76bfc18a67a57fe5608"
    integrity sha512-Ugt+GIZqvGXCIItnsL+lvFJOiN7RYqlGy7QE41O3YC1xbNSeDGIRO7xg2JJXIAj1cAGnOeC1r7/T9pgrtQbv4g==
    dependencies:
      nanoid "^2.1.0"
